<?xml version="1.0" encoding="UTF-8"?>
<!-- Generated by org.testng.reporters.JUnitReportReporter -->
<testsuite hostname="DESKTOP-P6L2I75" failures="0" tests="1" name="com.qa.login.LoginTest" time="5.046" errors="0" timestamp="2023-12-17T14:04:06 IST" skipped="0">
  <testcase classname="com.qa.login.LoginTest" name="loginTestone" time="5.046"/>
  <system-out/>
</testsuite> <!-- com.qa.login.LoginTest -->
